2025-12-22 10:52:26 error: Missing required environment variables: DATABASE_URL
2025-12-22 10:58:26 error: error: column "district_name" does not exist
    at C:\Users\user\Desktop\chunavmantra\backend\node_modules\pg-pool\index.js:45:11
    at process.processTicksAndRejections (node:internal/process/task_queues:105:5)
    at async <anonymous> (C:\Users\user\Desktop\chunavmantra\backend\routes\states.routes.ts:41:38)
2025-12-22 10:58:26 error: Error: Failed to fetch state details
    at <anonymous> (C:\Users\user\Desktop\chunavmantra\backend\routes\states.routes.ts:67:14)
    at process.processTicksAndRejections (node:internal/process/task_queues:105:5)
2025-12-22 11:04:35 error: error: column "district_name" does not exist
    at C:\Users\user\Desktop\chunavmantra\backend\node_modules\pg-pool\index.js:45:11
    at process.processTicksAndRejections (node:internal/process/task_queues:105:5)
    at async <anonymous> (C:\Users\user\Desktop\chunavmantra\backend\routes\states.routes.ts:41:38)
2025-12-22 11:04:35 error: Error: Failed to fetch state details
    at <anonymous> (C:\Users\user\Desktop\chunavmantra\backend\routes\states.routes.ts:67:14)
    at process.processTicksAndRejections (node:internal/process/task_queues:105:5)
2025-12-22 11:05:19 error: error: column ac.total_electors does not exist
    at C:\Users\user\Desktop\chunavmantra\backend\node_modules\pg-pool\index.js:45:11
    at process.processTicksAndRejections (node:internal/process/task_queues:105:5)
    at async <anonymous> (C:\Users\user\Desktop\chunavmantra\backend\routes\states.routes.ts:76:29)
2025-12-22 11:05:19 error: Error: Failed to fetch state statistics
    at <anonymous> (C:\Users\user\Desktop\chunavmantra\backend\routes\states.routes.ts:110:14)
    at process.processTicksAndRejections (node:internal/process/task_queues:105:5)
2025-12-22 11:08:02 error: Missing required environment variables: DATABASE_URL
2025-12-22 11:08:07 error: Missing required environment variables: DATABASE_URL
2025-12-22 11:08:38 error: Missing required environment variables: DATABASE_URL
2025-12-22 11:08:44 error: error: column "capital" does not exist
    at C:\Users\user\Desktop\chunavmantra\backend\node_modules\pg-pool\index.js:45:11
    at process.processTicksAndRejections (node:internal/process/task_queues:105:5)
    at async <anonymous> (C:\Users\user\Desktop\chunavmantra\backend\routes\states.routes.ts:12:24)
2025-12-22 11:08:44 error: Error: Failed to fetch states
    at <anonymous> (C:\Users\user\Desktop\chunavmantra\backend\routes\states.routes.ts:31:14)
    at process.processTicksAndRejections (node:internal/process/task_queues:105:5)
2025-12-22 11:08:47 error: error: column "capital" does not exist
    at C:\Users\user\Desktop\chunavmantra\backend\node_modules\pg-pool\index.js:45:11
    at process.processTicksAndRejections (node:internal/process/task_queues:105:5)
    at async <anonymous> (C:\Users\user\Desktop\chunavmantra\backend\routes\states.routes.ts:12:24)
2025-12-22 11:08:47 error: Error: Failed to fetch states
    at <anonymous> (C:\Users\user\Desktop\chunavmantra\backend\routes\states.routes.ts:31:14)
    at process.processTicksAndRejections (node:internal/process/task_queues:105:5)
2025-12-22 11:08:48 error: error: column "capital" does not exist
    at C:\Users\user\Desktop\chunavmantra\backend\node_modules\pg-pool\index.js:45:11
    at process.processTicksAndRejections (node:internal/process/task_queues:105:5)
    at async <anonymous> (C:\Users\user\Desktop\chunavmantra\backend\routes\states.routes.ts:12:24)
2025-12-22 11:08:48 error: Error: Failed to fetch states
    at <anonymous> (C:\Users\user\Desktop\chunavmantra\backend\routes\states.routes.ts:31:14)
    at process.processTicksAndRejections (node:internal/process/task_queues:105:5)
2025-12-22 11:08:49 error: error: column "capital" does not exist
    at C:\Users\user\Desktop\chunavmantra\backend\node_modules\pg-pool\index.js:45:11
    at process.processTicksAndRejections (node:internal/process/task_queues:105:5)
    at async <anonymous> (C:\Users\user\Desktop\chunavmantra\backend\routes\states.routes.ts:12:24)
2025-12-22 11:08:49 error: Error: Failed to fetch states
    at <anonymous> (C:\Users\user\Desktop\chunavmantra\backend\routes\states.routes.ts:31:14)
    at process.processTicksAndRejections (node:internal/process/task_queues:105:5)
2025-12-22 11:08:49 error: error: column "capital" does not exist
    at C:\Users\user\Desktop\chunavmantra\backend\node_modules\pg-pool\index.js:45:11
    at process.processTicksAndRejections (node:internal/process/task_queues:105:5)
    at async <anonymous> (C:\Users\user\Desktop\chunavmantra\backend\routes\states.routes.ts:12:24)
2025-12-22 11:08:49 error: Error: Failed to fetch states
    at <anonymous> (C:\Users\user\Desktop\chunavmantra\backend\routes\states.routes.ts:31:14)
    at process.processTicksAndRejections (node:internal/process/task_queues:105:5)
2025-12-22 11:08:50 error: error: column "capital" does not exist
    at C:\Users\user\Desktop\chunavmantra\backend\node_modules\pg-pool\index.js:45:11
    at process.processTicksAndRejections (node:internal/process/task_queues:105:5)
    at async <anonymous> (C:\Users\user\Desktop\chunavmantra\backend\routes\states.routes.ts:12:24)
2025-12-22 11:08:50 error: Error: Failed to fetch states
    at <anonymous> (C:\Users\user\Desktop\chunavmantra\backend\routes\states.routes.ts:31:14)
    at process.processTicksAndRejections (node:internal/process/task_queues:105:5)
2025-12-22 11:08:51 error: error: column "capital" does not exist
    at C:\Users\user\Desktop\chunavmantra\backend\node_modules\pg-pool\index.js:45:11
    at process.processTicksAndRejections (node:internal/process/task_queues:105:5)
    at async <anonymous> (C:\Users\user\Desktop\chunavmantra\backend\routes\states.routes.ts:12:24)
2025-12-22 11:08:51 error: Error: Failed to fetch states
    at <anonymous> (C:\Users\user\Desktop\chunavmantra\backend\routes\states.routes.ts:31:14)
    at process.processTicksAndRejections (node:internal/process/task_queues:105:5)
2025-12-22 11:08:59 error: Missing required environment variables: DATABASE_URL
2025-12-22 11:10:59 error: Missing required environment variables: DATABASE_URL
2025-12-22 11:25:00 error: Missing required environment variables: DATABASE_URL
2025-12-22 11:29:16 error: Missing required environment variables: DATABASE_URL
2025-12-22 11:31:33 error: Missing required environment variables: DATABASE_URL
2025-12-22 11:33:09 error: Missing required environment variables: DATABASE_URL
2025-12-22 11:33:23 error: Missing required environment variables: DATABASE_URL
2025-12-22 11:33:59 error: error: column b.total_electors does not exist
    at C:\Users\user\Desktop\chunavmantra\backend\node_modules\pg-pool\index.js:45:11
    at process.processTicksAndRejections (node:internal/process/task_queues:105:5)
    at async <anonymous> (C:\Users\user\Desktop\chunavmantra\backend\routes\constituencies.routes.ts:319:30)
2025-12-22 11:33:59 error: Error: Failed to fetch constituency booths
    at <anonymous> (C:\Users\user\Desktop\chunavmantra\backend\routes\constituencies.routes.ts:360:14)
    at process.processTicksAndRejections (node:internal/process/task_queues:105:5)
2025-12-22 11:34:11 error: error: invalid input syntax for type integer: "search"
    at C:\Users\user\Desktop\chunavmantra\backend\node_modules\pg-pool\index.js:45:11
    at process.processTicksAndRejections (node:internal/process/task_queues:105:5)
    at async <anonymous> (C:\Users\user\Desktop\chunavmantra\backend\routes\constituencies.routes.ts:75:36)
2025-12-22 11:34:11 error: Error: Failed to fetch constituency details
    at <anonymous> (C:\Users\user\Desktop\chunavmantra\backend\routes\constituencies.routes.ts:190:14)
    at process.processTicksAndRejections (node:internal/process/task_queues:105:5)
2025-12-22 11:34:52 error: error: column c.age does not exist
    at C:\Users\user\Desktop\chunavmantra\backend\node_modules\pg-pool\index.js:45:11
    at process.processTicksAndRejections (node:internal/process/task_queues:105:5)
    at async <anonymous> (C:\Users\user\Desktop\chunavmantra\backend\routes\candidates.routes.ts:14:33)
2025-12-22 11:34:52 error: Error: Failed to fetch candidate
    at <anonymous> (C:\Users\user\Desktop\chunavmantra\backend\routes\candidates.routes.ts:43:14)
    at process.processTicksAndRejections (node:internal/process/task_queues:105:5)
2025-12-22 11:35:11 error: error: column b.total_electors does not exist
    at C:\Users\user\Desktop\chunavmantra\backend\node_modules\pg-pool\index.js:45:11
    at process.processTicksAndRejections (node:internal/process/task_queues:105:5)
    at async <anonymous> (C:\Users\user\Desktop\chunavmantra\backend\routes\booths.routes.ts:15:29)
2025-12-22 11:35:11 error: Error: Failed to fetch booth details
    at <anonymous> (C:\Users\user\Desktop\chunavmantra\backend\routes\booths.routes.ts:69:14)
    at process.processTicksAndRejections (node:internal/process/task_queues:105:5)
2025-12-22 12:20:58 error: Missing required environment variables: DATABASE_URL
2025-12-22 12:31:29 error: Missing required environment variables: DATABASE_URL
2025-12-22 12:31:29 error: Missing required environment variables: DATABASE_URL
2025-12-22 12:31:31 error: Missing required environment variables: DATABASE_URL
2025-12-22 12:32:25 error: Missing required environment variables: DATABASE_URL
2025-12-22 12:34:28 error: error: column b.total_electors does not exist
    at C:\Users\user\Desktop\chunavmantra\backend\node_modules\pg-pool\index.js:45:11
    at process.processTicksAndRejections (node:internal/process/task_queues:105:5)
    at async <anonymous> (C:\Users\user\Desktop\chunavmantra\backend\routes\booths.routes.ts:85:28)
2025-12-22 12:34:28 error: Error: Failed to fetch booth details
    at <anonymous> (C:\Users\user\Desktop\chunavmantra\backend\routes\booths.routes.ts:170:14)
    at process.processTicksAndRejections (node:internal/process/task_queues:105:5)
2025-12-22 12:35:02 error: error: column b.total_electors does not exist
    at C:\Users\user\Desktop\chunavmantra\backend\node_modules\pg-pool\index.js:45:11
    at process.processTicksAndRejections (node:internal/process/task_queues:105:5)
    at async <anonymous> (C:\Users\user\Desktop\chunavmantra\backend\routes\booths.routes.ts:85:28)
2025-12-22 12:35:02 error: Error: Failed to fetch booth details
    at <anonymous> (C:\Users\user\Desktop\chunavmantra\backend\routes\booths.routes.ts:170:14)
    at process.processTicksAndRejections (node:internal/process/task_queues:105:5)
2025-12-22 12:35:54 error: error: column b.total_electors does not exist
    at C:\Users\user\Desktop\chunavmantra\backend\node_modules\pg-pool\index.js:45:11
    at process.processTicksAndRejections (node:internal/process/task_queues:105:5)
    at async <anonymous> (C:\Users\user\Desktop\chunavmantra\backend\routes\booths.routes.ts:85:28)
2025-12-22 12:35:54 error: Error: Failed to fetch booth details
    at <anonymous> (C:\Users\user\Desktop\chunavmantra\backend\routes\booths.routes.ts:170:14)
    at process.processTicksAndRejections (node:internal/process/task_queues:105:5)
2025-12-22 12:37:31 error: error: column b.total_electors does not exist
    at C:\Users\user\Desktop\chunavmantra\backend\node_modules\pg-pool\index.js:45:11
    at process.processTicksAndRejections (node:internal/process/task_queues:105:5)
    at async <anonymous> (C:\Users\user\Desktop\chunavmantra\backend\routes\booths.routes.ts:85:28)
2025-12-22 12:37:31 error: Error: Failed to fetch booth details
    at <anonymous> (C:\Users\user\Desktop\chunavmantra\backend\routes\booths.routes.ts:170:14)
    at process.processTicksAndRejections (node:internal/process/task_queues:105:5)
2025-12-22 12:37:39 error: error: column b.total_electors does not exist
    at C:\Users\user\Desktop\chunavmantra\backend\node_modules\pg-pool\index.js:45:11
    at process.processTicksAndRejections (node:internal/process/task_queues:105:5)
    at async <anonymous> (C:\Users\user\Desktop\chunavmantra\backend\routes\booths.routes.ts:85:28)
2025-12-22 12:37:39 error: Error: Failed to fetch booth details
    at <anonymous> (C:\Users\user\Desktop\chunavmantra\backend\routes\booths.routes.ts:170:14)
    at process.processTicksAndRejections (node:internal/process/task_queues:105:5)
2025-12-22 12:41:02 error: Missing required environment variables: DATABASE_URL
2025-12-22 12:41:43 error: Missing required environment variables: DATABASE_URL
2025-12-22 12:42:30 error: error: column b.total_electors does not exist
    at C:\Users\user\Desktop\chunavmantra\backend\node_modules\pg-pool\index.js:45:11
    at process.processTicksAndRejections (node:internal/process/task_queues:105:5)
    at async <anonymous> (C:\Users\user\Desktop\chunavmantra\backend\routes\booths.routes.ts:88:28)
2025-12-22 12:42:30 error: Error: Failed to fetch booth details
    at <anonymous> (C:\Users\user\Desktop\chunavmantra\backend\routes\booths.routes.ts:193:14)
    at process.processTicksAndRejections (node:internal/process/task_queues:105:5)
2025-12-22 12:42:34 error: error: column b.total_electors does not exist
    at C:\Users\user\Desktop\chunavmantra\backend\node_modules\pg-pool\index.js:45:11
    at process.processTicksAndRejections (node:internal/process/task_queues:105:5)
    at async <anonymous> (C:\Users\user\Desktop\chunavmantra\backend\routes\booths.routes.ts:88:28)
2025-12-22 12:42:34 error: Error: Failed to fetch booth details
    at <anonymous> (C:\Users\user\Desktop\chunavmantra\backend\routes\booths.routes.ts:193:14)
    at process.processTicksAndRejections (node:internal/process/task_queues:105:5)
2025-12-22 12:43:59 error: error: column b.total_electors does not exist
    at C:\Users\user\Desktop\chunavmantra\backend\node_modules\pg-pool\index.js:45:11
    at process.processTicksAndRejections (node:internal/process/task_queues:105:5)
    at async <anonymous> (C:\Users\user\Desktop\chunavmantra\backend\routes\booths.routes.ts:88:28)
2025-12-22 12:43:59 error: Error: Failed to fetch booth details
    at <anonymous> (C:\Users\user\Desktop\chunavmantra\backend\routes\booths.routes.ts:193:14)
    at process.processTicksAndRejections (node:internal/process/task_queues:105:5)
2025-12-22 12:44:00 error: error: column b.total_electors does not exist
    at C:\Users\user\Desktop\chunavmantra\backend\node_modules\pg-pool\index.js:45:11
    at process.processTicksAndRejections (node:internal/process/task_queues:105:5)
    at async <anonymous> (C:\Users\user\Desktop\chunavmantra\backend\routes\booths.routes.ts:88:28)
2025-12-22 12:44:00 error: Error: Failed to fetch booth details
    at <anonymous> (C:\Users\user\Desktop\chunavmantra\backend\routes\booths.routes.ts:193:14)
    at process.processTicksAndRejections (node:internal/process/task_queues:105:5)
2025-12-22 12:44:09 error: error: column b.total_electors does not exist
    at C:\Users\user\Desktop\chunavmantra\backend\node_modules\pg-pool\index.js:45:11
    at process.processTicksAndRejections (node:internal/process/task_queues:105:5)
    at async <anonymous> (C:\Users\user\Desktop\chunavmantra\backend\routes\booths.routes.ts:88:28)
2025-12-22 12:44:09 error: Error: Failed to fetch booth details
    at <anonymous> (C:\Users\user\Desktop\chunavmantra\backend\routes\booths.routes.ts:193:14)
    at process.processTicksAndRejections (node:internal/process/task_queues:105:5)
2025-12-22 12:44:09 error: error: column b.total_electors does not exist
    at C:\Users\user\Desktop\chunavmantra\backend\node_modules\pg-pool\index.js:45:11
    at process.processTicksAndRejections (node:internal/process/task_queues:105:5)
    at async <anonymous> (C:\Users\user\Desktop\chunavmantra\backend\routes\booths.routes.ts:88:28)
2025-12-22 12:44:09 error: Error: Failed to fetch booth details
    at <anonymous> (C:\Users\user\Desktop\chunavmantra\backend\routes\booths.routes.ts:193:14)
    at process.processTicksAndRejections (node:internal/process/task_queues:105:5)
2025-12-22 12:44:10 error: error: column b.total_electors does not exist
    at C:\Users\user\Desktop\chunavmantra\backend\node_modules\pg-pool\index.js:45:11
    at process.processTicksAndRejections (node:internal/process/task_queues:105:5)
    at async <anonymous> (C:\Users\user\Desktop\chunavmantra\backend\routes\booths.routes.ts:88:28)
2025-12-22 12:44:10 error: Error: Failed to fetch booth details
    at <anonymous> (C:\Users\user\Desktop\chunavmantra\backend\routes\booths.routes.ts:193:14)
    at process.processTicksAndRejections (node:internal/process/task_queues:105:5)
2025-12-22 12:44:10 error: error: column b.total_electors does not exist
    at C:\Users\user\Desktop\chunavmantra\backend\node_modules\pg-pool\index.js:45:11
    at process.processTicksAndRejections (node:internal/process/task_queues:105:5)
    at async <anonymous> (C:\Users\user\Desktop\chunavmantra\backend\routes\booths.routes.ts:88:28)
2025-12-22 12:44:10 error: Error: Failed to fetch booth details
    at <anonymous> (C:\Users\user\Desktop\chunavmantra\backend\routes\booths.routes.ts:193:14)
    at process.processTicksAndRejections (node:internal/process/task_queues:105:5)
2025-12-22 12:44:19 error: error: column b.total_electors does not exist
    at C:\Users\user\Desktop\chunavmantra\backend\node_modules\pg-pool\index.js:45:11
    at process.processTicksAndRejections (node:internal/process/task_queues:105:5)
    at async <anonymous> (C:\Users\user\Desktop\chunavmantra\backend\routes\booths.routes.ts:88:28)
2025-12-22 12:44:19 error: Error: Failed to fetch booth details
    at <anonymous> (C:\Users\user\Desktop\chunavmantra\backend\routes\booths.routes.ts:193:14)
    at process.processTicksAndRejections (node:internal/process/task_queues:105:5)
2025-12-22 12:44:20 error: error: column b.total_electors does not exist
    at C:\Users\user\Desktop\chunavmantra\backend\node_modules\pg-pool\index.js:45:11
    at process.processTicksAndRejections (node:internal/process/task_queues:105:5)
    at async <anonymous> (C:\Users\user\Desktop\chunavmantra\backend\routes\booths.routes.ts:88:28)
2025-12-22 12:44:20 error: Error: Failed to fetch booth details
    at <anonymous> (C:\Users\user\Desktop\chunavmantra\backend\routes\booths.routes.ts:193:14)
    at process.processTicksAndRejections (node:internal/process/task_queues:105:5)
2025-12-22 12:45:55 error: error: column b.total_electors does not exist
    at C:\Users\user\Desktop\chunavmantra\backend\node_modules\pg-pool\index.js:45:11
    at process.processTicksAndRejections (node:internal/process/task_queues:105:5)
    at async <anonymous> (C:\Users\user\Desktop\chunavmantra\backend\routes\booths.routes.ts:88:28)
2025-12-22 12:45:55 error: Error: Failed to fetch booth details
    at <anonymous> (C:\Users\user\Desktop\chunavmantra\backend\routes\booths.routes.ts:193:14)
    at process.processTicksAndRejections (node:internal/process/task_queues:105:5)
2025-12-22 12:51:59 error: Missing required environment variables: DATABASE_URL
2025-12-22 12:52:09 error: Missing required environment variables: DATABASE_URL
2025-12-22 12:52:29 error: Missing required environment variables: DATABASE_URL
2025-12-22 12:52:35 error: error: column b.total_electors does not exist
    at C:\Users\user\Desktop\chunavmantra\backend\node_modules\pg-pool\index.js:45:11
    at process.processTicksAndRejections (node:internal/process/task_queues:105:5)
    at async <anonymous> (C:\Users\user\Desktop\chunavmantra\backend\routes\booths.routes.ts:88:28)
2025-12-22 12:52:35 error: Error: Failed to fetch booth details
    at <anonymous> (C:\Users\user\Desktop\chunavmantra\backend\routes\booths.routes.ts:193:14)
    at process.processTicksAndRejections (node:internal/process/task_queues:105:5)
2025-12-22 12:53:02 error: error: column b.total_electors does not exist
    at C:\Users\user\Desktop\chunavmantra\backend\node_modules\pg-pool\index.js:45:11
    at process.processTicksAndRejections (node:internal/process/task_queues:105:5)
    at async <anonymous> (C:\Users\user\Desktop\chunavmantra\backend\routes\booths.routes.ts:88:28)
2025-12-22 12:53:02 error: Error: Failed to fetch booth details
    at <anonymous> (C:\Users\user\Desktop\chunavmantra\backend\routes\booths.routes.ts:193:14)
    at process.processTicksAndRejections (node:internal/process/task_queues:105:5)
2025-12-22 12:53:11 error: Missing required environment variables: DATABASE_URL
2025-12-22 12:53:12 error: Missing required environment variables: DATABASE_URL
2025-12-22 12:55:19 error: Missing required environment variables: DATABASE_URL
2025-12-22 12:55:40 error: Error: Invalid booth ID
    at <anonymous> (C:\Users\user\Desktop\chunavmantra\backend\routes\booths.routes.ts:22:25)
    at Layer.handle [as handle_request] (C:\Users\user\Desktop\chunavmantra\backend\node_modules\express\lib\router\layer.js:95:5)
    at next (C:\Users\user\Desktop\chunavmantra\backend\node_modules\express\lib\router\route.js:149:13)
    at Route.dispatch (C:\Users\user\Desktop\chunavmantra\backend\node_modules\express\lib\router\route.js:119:3)
    at Layer.handle [as handle_request] (C:\Users\user\Desktop\chunavmantra\backend\node_modules\express\lib\router\layer.js:95:5)
    at C:\Users\user\Desktop\chunavmantra\backend\node_modules\express\lib\router\index.js:284:15
    at param (C:\Users\user\Desktop\chunavmantra\backend\node_modules\express\lib\router\index.js:365:14)
    at param (C:\Users\user\Desktop\chunavmantra\backend\node_modules\express\lib\router\index.js:376:14)
    at Function.process_params (C:\Users\user\Desktop\chunavmantra\backend\node_modules\express\lib\router\index.js:421:3)
    at next (C:\Users\user\Desktop\chunavmantra\backend\node_modules\express\lib\router\index.js:280:10)
2025-12-22 12:57:36 error: error: column "total_electors" does not exist
    at C:\Users\user\Desktop\chunavmantra\backend\node_modules\pg-pool\index.js:45:11
    at process.processTicksAndRejections (node:internal/process/task_queues:105:5)
    at async <anonymous> (C:\Users\user\Desktop\chunavmantra\backend\routes\booths.routes.ts:27:29)
2025-12-22 12:57:36 error: Error: Failed to fetch booth details
    at <anonymous> (C:\Users\user\Desktop\chunavmantra\backend\routes\booths.routes.ts:169:14)
    at process.processTicksAndRejections (node:internal/process/task_queues:105:5)
2025-12-22 12:59:42 error: Missing required environment variables: DATABASE_URL
2025-12-22 13:01:10 error: error: column b.total_electors does not exist
    at C:\Users\user\Desktop\chunavmantra\backend\node_modules\pg-pool\index.js:45:11
    at process.processTicksAndRejections (node:internal/process/task_queues:105:5)
    at async <anonymous> (C:\Users\user\Desktop\chunavmantra\backend\routes\booths.routes.ts:144:28)
2025-12-22 13:01:10 error: Error: Failed to fetch booth details: column b.total_electors does not exist
    at <anonymous> (C:\Users\user\Desktop\chunavmantra\backend\routes\booths.routes.ts:319:14)
    at process.processTicksAndRejections (node:internal/process/task_queues:105:5)
2025-12-22 13:04:45 error: Missing required environment variables: DATABASE_URL
2025-12-22 13:16:35 error: Missing required environment variables: DATABASE_URL
2025-12-22 13:20:31 error: Missing required environment variables: DATABASE_URL
2025-12-22 13:25:37 error: Missing required environment variables: DATABASE_URL
2025-12-22 13:26:17 error: Missing required environment variables: DATABASE_URL
2025-12-22 13:32:06 error: Missing required environment variables: DATABASE_URL
2025-12-22 13:34:14 error: Missing required environment variables: DATABASE_URL
2025-12-22 13:34:22 error: error: missing FROM-clause entry for table "p"
    at C:\Users\user\Desktop\chunavmantra\backend\node_modules\pg-pool\index.js:45:11
    at process.processTicksAndRejections (node:internal/process/task_queues:105:5)
    at async <anonymous> (C:\Users\user\Desktop\chunavmantra\backend\routes\booth-analysis.routes.ts:197:31)
2025-12-22 13:34:22 error: Error: Failed to fetch booth analysis
    at <anonymous> (C:\Users\user\Desktop\chunavmantra\backend\routes\booth-analysis.routes.ts:404:14)
    at process.processTicksAndRejections (node:internal/process/task_queues:105:5)
2025-12-22 13:34:45 error: error: aggregate function calls cannot be nested
    at C:\Users\user\Desktop\chunavmantra\backend\node_modules\pg-pool\index.js:45:11
    at process.processTicksAndRejections (node:internal/process/task_queues:105:5)
    at async <anonymous> (C:\Users\user\Desktop\chunavmantra\backend\routes\booth-analysis.routes.ts:559:31)
2025-12-22 13:34:45 error: Error: Failed to fetch booth clusters analysis
    at <anonymous> (C:\Users\user\Desktop\chunavmantra\backend\routes\booth-analysis.routes.ts:634:14)
    at process.processTicksAndRejections (node:internal/process/task_queues:105:5)
2025-12-22 13:34:50 error: error: missing FROM-clause entry for table "p"
    at C:\Users\user\Desktop\chunavmantra\backend\node_modules\pg-pool\index.js:45:11
    at process.processTicksAndRejections (node:internal/process/task_queues:105:5)
    at async <anonymous> (C:\Users\user\Desktop\chunavmantra\backend\routes\booth-analysis.routes.ts:675:33)
2025-12-22 13:34:50 error: Error: Failed to compare booths
    at <anonymous> (C:\Users\user\Desktop\chunavmantra\backend\routes\booth-analysis.routes.ts:770:14)
    at process.processTicksAndRejections (node:internal/process/task_queues:105:5)
2025-12-22 13:35:09 error: error: column "party_name" does not exist
    at C:\Users\user\Desktop\chunavmantra\backend\node_modules\pg-pool\index.js:45:11
    at process.processTicksAndRejections (node:internal/process/task_queues:105:5)
    at async <anonymous> (C:\Users\user\Desktop\chunavmantra\backend\routes\booth-analysis.routes.ts:944:38)
2025-12-22 13:35:09 error: Error: Failed to fetch booth recommendations
    at <anonymous> (C:\Users\user\Desktop\chunavmantra\backend\routes\booth-analysis.routes.ts:1032:14)
    at process.processTicksAndRejections (node:internal/process/task_queues:105:5)
2025-12-22 13:35:13 error: error: function round(double precision, integer) does not exist
    at C:\Users\user\Desktop\chunavmantra\backend\node_modules\pg-pool\index.js:45:11
    at process.processTicksAndRejections (node:internal/process/task_queues:105:5)
    at async <anonymous> (C:\Users\user\Desktop\chunavmantra\backend\routes\booth-analysis.routes.ts:1054:35)
2025-12-22 13:35:13 error: Error: Failed to fetch demographic analysis
    at <anonymous> (C:\Users\user\Desktop\chunavmantra\backend\routes\booth-analysis.routes.ts:1110:14)
    at process.processTicksAndRejections (node:internal/process/task_queues:105:5)
2025-12-22 13:35:17 error: error: column b.location_lat does not exist
    at C:\Users\user\Desktop\chunavmantra\backend\node_modules\pg-pool\index.js:45:11
    at process.processTicksAndRejections (node:internal/process/task_queues:105:5)
    at async <anonymous> (C:\Users\user\Desktop\chunavmantra\backend\routes\booth-analysis.routes.ts:1151:30)
2025-12-22 13:35:17 error: Error: Failed to fetch heatmap data
    at <anonymous> (C:\Users\user\Desktop\chunavmantra\backend\routes\booth-analysis.routes.ts:1240:14)
    at process.processTicksAndRejections (node:internal/process/task_queues:105:5)
2025-12-22 13:35:24 error: error: column b.location_lat does not exist
    at C:\Users\user\Desktop\chunavmantra\backend\node_modules\pg-pool\index.js:45:11
    at process.processTicksAndRejections (node:internal/process/task_queues:105:5)
    at async <anonymous> (C:\Users\user\Desktop\chunavmantra\backend\routes\booth-analysis.routes.ts:1151:30)
2025-12-22 13:35:24 error: Error: Failed to fetch heatmap data
    at <anonymous> (C:\Users\user\Desktop\chunavmantra\backend\routes\booth-analysis.routes.ts:1240:14)
    at process.processTicksAndRejections (node:internal/process/task_queues:105:5)
2025-12-22 13:35:28 error: error: column b.location_lat does not exist
    at C:\Users\user\Desktop\chunavmantra\backend\node_modules\pg-pool\index.js:45:11
    at process.processTicksAndRejections (node:internal/process/task_queues:105:5)
    at async <anonymous> (C:\Users\user\Desktop\chunavmantra\backend\routes\booth-analysis.routes.ts:1151:30)
2025-12-22 13:35:28 error: Error: Failed to fetch heatmap data
    at <anonymous> (C:\Users\user\Desktop\chunavmantra\backend\routes\booth-analysis.routes.ts:1240:14)
    at process.processTicksAndRejections (node:internal/process/task_queues:105:5)
2025-12-22 13:35:32 error: error: column b.location_lat does not exist
    at C:\Users\user\Desktop\chunavmantra\backend\node_modules\pg-pool\index.js:45:11
    at process.processTicksAndRejections (node:internal/process/task_queues:105:5)
    at async <anonymous> (C:\Users\user\Desktop\chunavmantra\backend\routes\booth-analysis.routes.ts:1151:30)
2025-12-22 13:35:32 error: Error: Failed to fetch heatmap data
    at <anonymous> (C:\Users\user\Desktop\chunavmantra\backend\routes\booth-analysis.routes.ts:1240:14)
    at process.processTicksAndRejections (node:internal/process/task_queues:105:5)
2025-12-22 13:40:10 error: Missing required environment variables: DATABASE_URL
2025-12-22 13:41:34 error: Error: Failed to fetch booth analysis: missing FROM-clause entry for table "p2"
    at <anonymous> (C:\Users\user\Desktop\chunavmantra\backend\routes\booth-analysis.routes.ts:172:14)
    at process.processTicksAndRejections (node:internal/process/task_queues:105:5)
2025-12-22 13:57:05 error: Missing required environment variables: DATABASE_URL
2025-12-22 14:41:04 error: Missing required environment variables: DATABASE_URL
2025-12-22 14:42:41 error: error: column b.total_electors does not exist
    at C:\Users\user\Desktop\chunavmantra\backend\node_modules\pg-pool\index.js:45:11
    at process.processTicksAndRejections (node:internal/process/task_queues:105:5)
    at async <anonymous> (C:\Users\user\Desktop\chunavmantra\backend\routes\constituencies.routes.ts:475:31)
2025-12-22 14:42:41 error: Error: Failed to fetch booth analysis
    at <anonymous> (C:\Users\user\Desktop\chunavmantra\backend\routes\constituencies.routes.ts:557:14)
    at process.processTicksAndRejections (node:internal/process/task_queues:105:5)
2025-12-22 14:42:41 error: error: column b.total_electors does not exist
    at C:\Users\user\Desktop\chunavmantra\backend\node_modules\pg-pool\index.js:45:11
    at process.processTicksAndRejections (node:internal/process/task_queues:105:5)
    at async <anonymous> (C:\Users\user\Desktop\chunavmantra\backend\routes\constituencies.routes.ts:319:30)
2025-12-22 14:42:41 error: Error: Failed to fetch constituency booths
    at <anonymous> (C:\Users\user\Desktop\chunavmantra\backend\routes\constituencies.routes.ts:360:14)
    at process.processTicksAndRejections (node:internal/process/task_queues:105:5)
2025-12-22 14:42:45 error: error: column b.total_electors does not exist
    at C:\Users\user\Desktop\chunavmantra\backend\node_modules\pg-pool\index.js:45:11
    at process.processTicksAndRejections (node:internal/process/task_queues:105:5)
    at async <anonymous> (C:\Users\user\Desktop\chunavmantra\backend\routes\constituencies.routes.ts:475:31)
2025-12-22 14:42:45 error: Error: Failed to fetch booth analysis
    at <anonymous> (C:\Users\user\Desktop\chunavmantra\backend\routes\constituencies.routes.ts:557:14)
    at process.processTicksAndRejections (node:internal/process/task_queues:105:5)
2025-12-22 14:44:13 error: error: column b.total_electors does not exist
    at C:\Users\user\Desktop\chunavmantra\backend\node_modules\pg-pool\index.js:45:11
    at process.processTicksAndRejections (node:internal/process/task_queues:105:5)
    at async <anonymous> (C:\Users\user\Desktop\chunavmantra\backend\routes\constituencies.routes.ts:475:31)
2025-12-22 14:44:13 error: Error: Failed to fetch booth analysis
    at <anonymous> (C:\Users\user\Desktop\chunavmantra\backend\routes\constituencies.routes.ts:557:14)
    at process.processTicksAndRejections (node:internal/process/task_queues:105:5)
2025-12-22 14:44:13 error: error: column b.total_electors does not exist
    at C:\Users\user\Desktop\chunavmantra\backend\node_modules\pg-pool\index.js:45:11
    at process.processTicksAndRejections (node:internal/process/task_queues:105:5)
    at async <anonymous> (C:\Users\user\Desktop\chunavmantra\backend\routes\constituencies.routes.ts:319:30)
2025-12-22 14:44:13 error: Error: Failed to fetch constituency booths
    at <anonymous> (C:\Users\user\Desktop\chunavmantra\backend\routes\constituencies.routes.ts:360:14)
    at process.processTicksAndRejections (node:internal/process/task_queues:105:5)
2025-12-22 14:45:45 error: error: column b.total_electors does not exist
    at C:\Users\user\Desktop\chunavmantra\backend\node_modules\pg-pool\index.js:45:11
    at process.processTicksAndRejections (node:internal/process/task_queues:105:5)
    at async <anonymous> (C:\Users\user\Desktop\chunavmantra\backend\routes\constituencies.routes.ts:475:31)
2025-12-22 14:45:45 error: Error: Failed to fetch booth analysis
    at <anonymous> (C:\Users\user\Desktop\chunavmantra\backend\routes\constituencies.routes.ts:557:14)
    at process.processTicksAndRejections (node:internal/process/task_queues:105:5)
2025-12-22 14:45:45 error: error: column b.total_electors does not exist
    at C:\Users\user\Desktop\chunavmantra\backend\node_modules\pg-pool\index.js:45:11
    at process.processTicksAndRejections (node:internal/process/task_queues:105:5)
    at async <anonymous> (C:\Users\user\Desktop\chunavmantra\backend\routes\constituencies.routes.ts:319:30)
2025-12-22 14:45:45 error: Error: Failed to fetch constituency booths
    at <anonymous> (C:\Users\user\Desktop\chunavmantra\backend\routes\constituencies.routes.ts:360:14)
    at process.processTicksAndRejections (node:internal/process/task_queues:105:5)
2025-12-22 14:47:25 error: error: column b.total_electors does not exist
    at C:\Users\user\Desktop\chunavmantra\backend\node_modules\pg-pool\index.js:45:11
    at process.processTicksAndRejections (node:internal/process/task_queues:105:5)
    at async <anonymous> (C:\Users\user\Desktop\chunavmantra\backend\routes\constituencies.routes.ts:475:31)
2025-12-22 14:47:25 error: Error: Failed to fetch booth analysis
    at <anonymous> (C:\Users\user\Desktop\chunavmantra\backend\routes\constituencies.routes.ts:557:14)
    at process.processTicksAndRejections (node:internal/process/task_queues:105:5)
2025-12-22 14:56:57 error: Missing required environment variables: DATABASE_URL
2025-12-22 14:57:16 error: Missing required environment variables: DATABASE_URL
2025-12-22 14:57:19 error: Missing required environment variables: DATABASE_URL
2025-12-22 14:58:29 error: Missing required environment variables: DATABASE_URL
2025-12-22 15:07:59 error: Error: Failed to fetch booth analysis: missing FROM-clause entry for table "p2"
    at <anonymous> (C:\Users\user\Desktop\chunavmantra\backend\routes\booth-analysis.routes.ts:172:14)
    at process.processTicksAndRejections (node:internal/process/task_queues:105:5)
2025-12-22 15:33:05 error: Missing required environment variables: DATABASE_URL
